Looking for git in: git
Using git 2.17.1 from git
> git rev-parse --show-toplevel
> git config --get commit.template
Open repository: /home/jfvilladiego/proyecto_react/nestedform
> git status -z -u
> git show :src/Components/Formulario/FormRails.js
> git check-ignore -z --stdin
> git symbolic-ref --short HEAD
> git rev-parse development
> git rev-parse --symbolic-full-name development@{u}
fatal: no se ha configurado upstream para la rama 'development'
> git for-each-ref --format %(refname) %(objectname) --sort -committerdate
> git remote --verbose
> git config --global user.email
> git config --global user.name
> git status -z -u
> git symbolic-ref --short HEAD
> git rev-parse development
> git rev-parse --symbolic-full-name development@{u}
fatal: no se ha configurado upstream para la rama 'development'
> git for-each-ref --format %(refname) %(objectname) --sort -committerdate
> git remote --verbose
> git show -s --format=%an <%ae> 7b9b0b97498b85bd5b65f0f70003537d40db5749
> git show -s --format=%H
%P
%B 7b9b0b97498b85bd5b65f0f70003537d40db5749
> git show -s --format=%an <%ae> a3c8d05afc6a4e533c351b4d66854a694fe1474f
> git show -s --format=%H
%P
%B a3c8d05afc6a4e533c351b4d66854a694fe1474f
> git status -z -u
> git symbolic-ref --short HEAD
> git rev-parse development
> git rev-parse --symbolic-full-name development@{u}
fatal: no se ha configurado upstream para la rama 'development'
> git for-each-ref --format %(refname) %(objectname) --sort -committerdate
> git remote --verbose
> git status -z -u
> git symbolic-ref --short HEAD
> git rev-parse development
> git rev-parse --symbolic-full-name development@{u}
fatal: no se ha configurado upstream para la rama 'development'
> git for-each-ref --format %(refname) %(objectname) --sort -committerdate
> git remote --verbose
> git status -z -u
> git symbolic-ref --short HEAD
> git rev-parse development
> git rev-parse --symbolic-full-name development@{u}
fatal: no se ha configurado upstream para la rama 'development'
> git for-each-ref --format %(refname) %(objectname) --sort -committerdate
> git remote --verbose
> git status -z -u
> git symbolic-ref --short HEAD
> git rev-parse development
> git rev-parse --symbolic-full-name development@{u}
fatal: no se ha configurado upstream para la rama 'development'
> git for-each-ref --format %(refname) %(objectname) --sort -committerdate
> git remote --verbose
> git status -z -u
> git symbolic-ref --short HEAD
> git rev-parse development
> git rev-parse --symbolic-full-name development@{u}
fatal: no se ha configurado upstream para la rama 'development'
> git for-each-ref --format %(refname) %(objectname) --sort -committerdate
> git remote --verbose
> git status -z -u
> git symbolic-ref --short HEAD
> git rev-parse development
> git rev-parse --symbolic-full-name development@{u}
fatal: no se ha configurado upstream para la rama 'development'
> git for-each-ref --format %(refname) %(objectname) --sort -committerdate
> git remote --verbose
> git status -z -u
> git symbolic-ref --short HEAD
> git rev-parse development
> git rev-parse --symbolic-full-name development@{u}
fatal: no se ha configurado upstream para la rama 'development'
> git for-each-ref --format %(refname) %(objectname) --sort -committerdate
> git remote --verbose
> git status -z -u
> git symbolic-ref --short HEAD
> git rev-parse development
> git rev-parse --symbolic-full-name development@{u}
fatal: no se ha configurado upstream para la rama 'development'
> git for-each-ref --format %(refname) %(objectname) --sort -committerdate
> git remote --verbose
> git check-ignore -z --stdin
> git show :src/Components/Navbar/Navbar.js
> git status -z -u
> git symbolic-ref --short HEAD
> git rev-parse development
> git rev-parse --symbolic-full-name development@{u}
fatal: no se ha configurado upstream para la rama 'development'
> git for-each-ref --format %(refname) %(objectname) --sort -committerdate
> git remote --verbose
> git status -z -u
> git symbolic-ref --short HEAD
> git rev-parse development
> git rev-parse --symbolic-full-name development@{u}
fatal: no se ha configurado upstream para la rama 'development'
> git for-each-ref --format %(refname) %(objectname) --sort -committerdate
> git remote --verbose
> git check-ignore -z --stdin
> git status -z -u
> git symbolic-ref --short HEAD
> git rev-parse development
> git rev-parse --symbolic-full-name development@{u}
fatal: no se ha configurado upstream para la rama 'development'
> git for-each-ref --format %(refname) %(objectname) --sort -committerdate
> git remote --verbose
> git check-ignore -z --stdin
> git check-ignore -z --stdin
> git check-ignore -z --stdin
> git status -z -u
> git symbolic-ref --short HEAD
> git rev-parse development
> git rev-parse --symbolic-full-name development@{u}
fatal: no se ha configurado upstream para la rama 'development'
> git for-each-ref --format %(refname) %(objectname) --sort -committerdate
> git remote --verbose
> git show :src/Models/Evento.js
> git ls-files --stage -- src/Models/
> git check-ignore -z --stdin
> git status -z -u
> git symbolic-ref --short HEAD
> git rev-parse development
> git rev-parse --symbolic-full-name development@{u}
fatal: no se ha configurado upstream para la rama 'development'
> git for-each-ref --format %(refname) %(objectname) --sort -committerdate
> git remote --verbose
> git status -z -u
> git symbolic-ref --short HEAD
> git rev-parse development
> git rev-parse --symbolic-full-name development@{u}
fatal: no se ha configurado upstream para la rama 'development'
> git for-each-ref --format %(refname) %(objectname) --sort -committerdate
> git remote --verbose
> git status -z -u
> git symbolic-ref --short HEAD
> git rev-parse development
> git rev-parse --symbolic-full-name development@{u}
fatal: no se ha configurado upstream para la rama 'development'
> git for-each-ref --format %(refname) %(objectname) --sort -committerdate
> git remote --verbose
> git status -z -u
> git symbolic-ref --short HEAD
> git rev-parse development
> git rev-parse --symbolic-full-name development@{u}
fatal: no se ha configurado upstream para la rama 'development'
> git for-each-ref --format %(refname) %(objectname) --sort -committerdate
> git remote --verbose
> git status -z -u
> git symbolic-ref --short HEAD
> git rev-parse development
> git rev-parse --symbolic-full-name development@{u}
fatal: no se ha configurado upstream para la rama 'development'
> git for-each-ref --format %(refname) %(objectname) --sort -committerdate
> git remote --verbose
> git status -z -u
> git symbolic-ref --short HEAD
> git rev-parse development
> git rev-parse --symbolic-full-name development@{u}
fatal: no se ha configurado upstream para la rama 'development'
> git for-each-ref --format %(refname) %(objectname) --sort -committerdate
> git remote --verbose
> git status -z -u
> git symbolic-ref --short HEAD
> git rev-parse development
> git rev-parse --symbolic-full-name development@{u}
fatal: no se ha configurado upstream para la rama 'development'
> git for-each-ref --format %(refname) %(objectname) --sort -committerdate
> git remote --verbose
> git check-ignore -z --stdin
> git show :src/Components/Formulario/FormRails.js
> git status -z -u
> git show :src/Models/Evento.js
> git ls-files --stage -- src/Models/
> git show :src/Components/Formulario/FormRails.js
> git symbolic-ref --short HEAD
> git rev-parse development
> git rev-parse --symbolic-full-name development@{u}
fatal: no se ha configurado upstream para la rama 'development'
> git for-each-ref --format %(refname) %(objectname) --sort -committerdate
> git remote --verbose
> git check-ignore -z --stdin
> git status -z -u
> git symbolic-ref --short HEAD
> git rev-parse development
> git rev-parse --symbolic-full-name development@{u}
fatal: no se ha configurado upstream para la rama 'development'
> git for-each-ref --format %(refname) %(objectname) --sort -committerdate
> git remote --verbose
> git check-ignore -z --stdin
> git status -z -u
> git symbolic-ref --short HEAD
> git rev-parse development
> git rev-parse --symbolic-full-name development@{u}
fatal: no se ha configurado upstream para la rama 'development'
> git for-each-ref --format %(refname) %(objectname) --sort -committerdate
> git remote --verbose
> git show :src/Components/Eventos/Create/Form.js
> git ls-files --stage -- src/Components/Eventos/Create/
> git check-ignore -z --stdin
> git status -z -u
> git symbolic-ref --short HEAD
> git rev-parse development
> git rev-parse --symbolic-full-name development@{u}
fatal: no se ha configurado upstream para la rama 'development'
> git for-each-ref --format %(refname) %(objectname) --sort -committerdate
> git remote --verbose
> git status -z -u
> git symbolic-ref --short HEAD
> git rev-parse development
> git rev-parse --symbolic-full-name development@{u}
fatal: no se ha configurado upstream para la rama 'development'
> git for-each-ref --format %(refname) %(objectname) --sort -committerdate
> git remote --verbose
> git status -z -u
> git symbolic-ref --short HEAD
> git rev-parse development
> git rev-parse --symbolic-full-name development@{u}
fatal: no se ha configurado upstream para la rama 'development'
> git for-each-ref --format %(refname) %(objectname) --sort -committerdate
> git remote --verbose
> git show :src/Components/Eventos/Create/FormEventos.js
> git ls-files --stage -- src/Components/Eventos/Create/
> git check-ignore -z --stdin
> git show :src/App.js
> git status -z -u
> git symbolic-ref --short HEAD
> git rev-parse development
> git rev-parse --symbolic-full-name development@{u}
fatal: no se ha configurado upstream para la rama 'development'
> git for-each-ref --format %(refname) %(objectname) --sort -committerdate
> git remote --verbose
> git status -z -u
> git symbolic-ref --short HEAD
> git rev-parse development
> git rev-parse --symbolic-full-name development@{u}
fatal: no se ha configurado upstream para la rama 'development'
> git for-each-ref --format %(refname) %(objectname) --sort -committerdate
> git remote --verbose
> git status -z -u
> git symbolic-ref --short HEAD
> git rev-parse development
> git rev-parse --symbolic-full-name development@{u}
fatal: no se ha configurado upstream para la rama 'development'
> git for-each-ref --format %(refname) %(objectname) --sort -committerdate
> git remote --verbose
> git show :src/Components/Eventos/Create/FormEventos.js
> git ls-files --stage -- src/Components/Eventos/Create/
> git status -z -u
> git symbolic-ref --short HEAD
> git rev-parse development
> git rev-parse --symbolic-full-name development@{u}
fatal: no se ha configurado upstream para la rama 'development'
> git for-each-ref --format %(refname) %(objectname) --sort -committerdate
> git remote --verbose
> git show :src/Components/Formulario/FormRails.js
> git show :src/Components/Eventos/Create/FormEventos.js
> git ls-files --stage -- src/Components/Eventos/Create/
> git show :src/App.js
> git show :src/Components/Formulario/FormRails.js
> git show :src/App.js
> git show :src/Components/Eventos/Create/FormEventos.js
> git ls-files --stage -- src/Components/Eventos/Create/
> git status -z -u
> git symbolic-ref --short HEAD
> git rev-parse development
> git rev-parse --symbolic-full-name development@{u}
fatal: no se ha configurado upstream para la rama 'development'
> git for-each-ref --format %(refname) %(objectname) --sort -committerdate
> git remote --verbose
> git status -z -u
> git symbolic-ref --short HEAD
> git rev-parse development
> git rev-parse --symbolic-full-name development@{u}
fatal: no se ha configurado upstream para la rama 'development'
> git for-each-ref --format %(refname) %(objectname) --sort -committerdate
> git remote --verbose
> git show :src/Models/Evento.js
> git ls-files --stage -- src/Models/
> git show :src/Components/Eventos/Create/FormEventos.js
> git ls-files --stage -- src/Components/Eventos/Create/
> git show :src/Components/Formulario/FormRails.js
> git show :src/Models/Evento.js
> git ls-files --stage -- src/Models/
> git show :src/Components/Formulario/FormRails.js
> git show :src/Models/Evento.js
> git ls-files --stage -- src/Models/
> git status -z -u
> git symbolic-ref --short HEAD
> git rev-parse development
> git rev-parse --symbolic-full-name development@{u}
fatal: no se ha configurado upstream para la rama 'development'
> git for-each-ref --format %(refname) %(objectname) --sort -committerdate
> git remote --verbose
> git show :package.json
> git status -z -u
> git symbolic-ref --short HEAD
> git rev-parse development
> git rev-parse --symbolic-full-name development@{u}
fatal: no se ha configurado upstream para la rama 'development'
> git for-each-ref --format %(refname) %(objectname) --sort -committerdate
> git remote --verbose
> git show :src/Components/Eventos/Create/FormEventos.js
> git ls-files --stage -- src/Components/Eventos/Create/
> git status -z -u
> git symbolic-ref --short HEAD
> git rev-parse development
> git rev-parse --symbolic-full-name development@{u}
fatal: no se ha configurado upstream para la rama 'development'
> git for-each-ref --format %(refname) %(objectname) --sort -committerdate
> git remote --verbose
> git show :src/Components/Formulario/FormRails.js
> git show :package.json
> git show :src/Components/Eventos/Create/FormEventos.js
> git ls-files --stage -- src/Components/Eventos/Create/
> git status -z -u
> git symbolic-ref --short HEAD
> git rev-parse development
> git rev-parse --symbolic-full-name development@{u}
fatal: no se ha configurado upstream para la rama 'development'
> git for-each-ref --format %(refname) %(objectname) --sort -committerdate
> git remote --verbose
> git status -z -u
> git symbolic-ref --short HEAD
> git rev-parse development
> git rev-parse --symbolic-full-name development@{u}
fatal: no se ha configurado upstream para la rama 'development'
> git for-each-ref --format %(refname) %(objectname) --sort -committerdate
> git remote --verbose
> git status -z -u
> git symbolic-ref --short HEAD
> git rev-parse development
> git rev-parse --symbolic-full-name development@{u}
fatal: no se ha configurado upstream para la rama 'development'
> git for-each-ref --format %(refname) %(objectname) --sort -committerdate
> git remote --verbose
> git status -z -u
> git symbolic-ref --short HEAD
> git rev-parse development
> git rev-parse --symbolic-full-name development@{u}
fatal: no se ha configurado upstream para la rama 'development'
> git for-each-ref --format %(refname) %(objectname) --sort -committerdate
> git remote --verbose
> git status -z -u
> git symbolic-ref --short HEAD
> git rev-parse development
> git rev-parse --symbolic-full-name development@{u}
fatal: no se ha configurado upstream para la rama 'development'
> git for-each-ref --format %(refname) %(objectname) --sort -committerdate
> git remote --verbose
> git show :src/App.js
> git status -z -u
> git symbolic-ref --short HEAD
> git rev-parse development
> git rev-parse --symbolic-full-name development@{u}
fatal: no se ha configurado upstream para la rama 'development'
> git for-each-ref --format %(refname) %(objectname) --sort -committerdate
> git remote --verbose
> git status -z -u
> git symbolic-ref --short HEAD
> git rev-parse development
> git rev-parse --symbolic-full-name development@{u}
fatal: no se ha configurado upstream para la rama 'development'
> git for-each-ref --format %(refname) %(objectname) --sort -committerdate
> git remote --verbose
> git status -z -u
> git symbolic-ref --short HEAD
> git rev-parse development
> git rev-parse --symbolic-full-name development@{u}
fatal: no se ha configurado upstream para la rama 'development'
> git for-each-ref --format %(refname) %(objectname) --sort -committerdate
> git remote --verbose
> git status -z -u
> git symbolic-ref --short HEAD
> git rev-parse development
> git rev-parse --symbolic-full-name development@{u}
fatal: no se ha configurado upstream para la rama 'development'
> git for-each-ref --format %(refname) %(objectname) --sort -committerdate
> git remote --verbose
> git status -z -u
> git symbolic-ref --short HEAD
> git rev-parse development
> git rev-parse --symbolic-full-name development@{u}
fatal: no se ha configurado upstream para la rama 'development'
> git for-each-ref --format %(refname) %(objectname) --sort -committerdate
> git remote --verbose
> git show :package.json
> git show :src/Models/Evento.js
> git ls-files --stage -- src/Models/
> git show :src/Components/Eventos/Create/FormEventos.js
> git ls-files --stage -- src/Components/Eventos/Create/
> git status -z -u
> git symbolic-ref --short HEAD
> git rev-parse development
> git rev-parse --symbolic-full-name development@{u}
fatal: no se ha configurado upstream para la rama 'development'
> git for-each-ref --format %(refname) %(objectname) --sort -committerdate
> git remote --verbose
> git status -z -u
> git symbolic-ref --short HEAD
> git rev-parse development
> git rev-parse --symbolic-full-name development@{u}
fatal: no se ha configurado upstream para la rama 'development'
> git for-each-ref --format %(refname) %(objectname) --sort -committerdate
> git remote --verbose
> git status -z -u
> git symbolic-ref --short HEAD
> git rev-parse development
> git rev-parse --symbolic-full-name development@{u}
fatal: no se ha configurado upstream para la rama 'development'
> git for-each-ref --format %(refname) %(objectname) --sort -committerdate
> git remote --verbose
> git status -z -u
> git symbolic-ref --short HEAD
> git rev-parse development
> git rev-parse --symbolic-full-name development@{u}
fatal: no se ha configurado upstream para la rama 'development'
> git for-each-ref --format %(refname) %(objectname) --sort -committerdate
> git remote --verbose
> git status -z -u
> git symbolic-ref --short HEAD
> git rev-parse development
> git rev-parse --symbolic-full-name development@{u}
fatal: no se ha configurado upstream para la rama 'development'
> git for-each-ref --format %(refname) %(objectname) --sort -committerdate
> git remote --verbose
> git status -z -u
> git symbolic-ref --short HEAD
> git rev-parse development
> git rev-parse --symbolic-full-name development@{u}
fatal: no se ha configurado upstream para la rama 'development'
> git for-each-ref --format %(refname) %(objectname) --sort -committerdate
> git remote --verbose
> git status -z -u
> git symbolic-ref --short HEAD
> git rev-parse development
> git rev-parse --symbolic-full-name development@{u}
fatal: no se ha configurado upstream para la rama 'development'
> git for-each-ref --format %(refname) %(objectname) --sort -committerdate
> git remote --verbose
> git status -z -u
> git symbolic-ref --short HEAD
> git rev-parse development
> git rev-parse --symbolic-full-name development@{u}
fatal: no se ha configurado upstream para la rama 'development'
> git for-each-ref --format %(refname) %(objectname) --sort -committerdate
> git remote --verbose
> git status -z -u
> git symbolic-ref --short HEAD
> git rev-parse development
> git rev-parse --symbolic-full-name development@{u}
fatal: no se ha configurado upstream para la rama 'development'
> git for-each-ref --format %(refname) %(objectname) --sort -committerdate
> git remote --verbose
> git status -z -u
> git symbolic-ref --short HEAD
> git rev-parse development
> git rev-parse --symbolic-full-name development@{u}
fatal: no se ha configurado upstream para la rama 'development'
> git for-each-ref --format %(refname) %(objectname) --sort -committerdate
> git remote --verbose
> git status -z -u
> git symbolic-ref --short HEAD
> git rev-parse development
> git rev-parse --symbolic-full-name development@{u}
fatal: no se ha configurado upstream para la rama 'development'
> git for-each-ref --format %(refname) %(objectname) --sort -committerdate
> git remote --verbose
> git status -z -u
> git symbolic-ref --short HEAD
> git rev-parse development
> git rev-parse --symbolic-full-name development@{u}
fatal: no se ha configurado upstream para la rama 'development'
> git for-each-ref --format %(refname) %(objectname) --sort -committerdate
> git remote --verbose
> git status -z -u
> git symbolic-ref --short HEAD
> git rev-parse development
> git rev-parse --symbolic-full-name development@{u}
fatal: no se ha configurado upstream para la rama 'development'
> git for-each-ref --format %(refname) %(objectname) --sort -committerdate
> git remote --verbose
