[2019-01-08 17:36:46.624] [sharedprocess] [info] main {"machineId":"2c4f08dac7f56175855fba8eedd41d774ed376eb85beb38de61320cf0cfc125c"}
[2019-01-08 17:36:50.499] [sharedprocess] [info] Scanned user extensions: 42
[2019-01-08 17:36:51.100] [sharedprocess] [info] Scanned system extensions: 71
[2019-01-08 17:37:06.742] [sharedprocess] [info] Deleted from disk vincaslt.highlight-matching-tag-0.8.4
[2019-01-08 17:37:21.766] [sharedprocess] [info] Deleted from disk peterjausovec.vscode-docker-0.4.0
[2019-01-08 17:37:21.772] [sharedprocess] [info] Scanned user extensions: 42
[2019-01-08 17:37:21.780] [sharedprocess] [info] Scanned user extensions: 42
[2019-01-08 17:37:21.784] [sharedprocess] [info] Scanned user extensions: 42
[2019-01-08 17:37:21.789] [sharedprocess] [info] Scanned user extensions: 42
[2019-01-08 17:37:21.806] [sharedprocess] [info] Scanned system extensions: 71
[2019-01-08 17:37:21.813] [sharedprocess] [info] Scanned system extensions: 71
[2019-01-08 17:37:21.833] [sharedprocess] [info] Deleted from disk octref.vetur-0.14.3
[2019-01-08 17:37:26.629] [sharedprocess] [info] Starting to clean up unused language packs.
[2019-01-08 17:37:42.995] [sharedprocess] [info] Scanned user extensions: 42
[2019-01-08 17:37:43.010] [sharedprocess] [info] Scanned user extensions: 42
[2019-01-08 17:37:43.019] [sharedprocess] [info] Scanned user extensions: 42
[2019-01-08 17:37:43.053] [sharedprocess] [info] Scanned system extensions: 71
[2019-01-08 17:37:43.063] [sharedprocess] [info] Scanned system extensions: 71
[2019-01-08 17:37:45.317] [sharedprocess] [info] Scanned user extensions: 42
[2019-01-08 17:42:46.292] [sharedprocess] [info] Scanned user extensions: 42
[2019-01-08 17:47:47.234] [sharedprocess] [info] Scanned user extensions: 42
[2019-01-08 17:52:48.135] [sharedprocess] [info] Scanned user extensions: 42
