[Info  - 3:52:22 p. m.] Using tsserver from: /usr/share/code/resources/app/extensions/node_modules/typescript/lib
[Info  - 3:52:22 p. m.] Forking TSServer
PATH: /usr/local/sbin:/usr/local/bin:/usr/sbin:/usr/bin:/sbin:/bin:/snap/bin 
[Info  - 3:52:22 p. m.] Started TSServer
[Error  - 3:53:32 p. m.] 'getApplicableRefactors' request failed with error.
Error processing request. Debug Failure. Expected 3431 <= 3425
Error: Debug Failure. Expected 3431 <= 3425
    at Object.assertLessThanOrEqual (/usr/share/code/resources/app/extensions/node_modules/typescript/lib/tsserver.js:1414:17)
    at Object.createFileDiagnostic (/usr/share/code/resources/app/extensions/node_modules/typescript/lib/tsserver.js:13885:22)
    at getRangeToExtract (/usr/share/code/resources/app/extensions/node_modules/typescript/lib/tsserver.js:108084:42)
    at Object.getAvailableActions (/usr/share/code/resources/app/extensions/node_modules/typescript/lib/tsserver.js:107930:38)
    at /usr/share/code/resources/app/extensions/node_modules/typescript/lib/tsserver.js:103980:128
    at getIterator (/usr/share/code/resources/app/extensions/node_modules/typescript/lib/tsserver.js:534:23)
    at Object.next (/usr/share/code/resources/app/extensions/node_modules/typescript/lib/tsserver.js:529:35)
    at Object.arrayFrom (/usr/share/code/resources/app/extensions/node_modules/typescript/lib/tsserver.js:1128:32)
    at Object.getApplicableRefactors (/usr/share/code/resources/app/extensions/node_modules/typescript/lib/tsserver.js:103979:23)
    at Object.getApplicableRefactors (/usr/share/code/resources/app/extensions/node_modules/typescript/lib/tsserver.js:112018:32)
    at IOSession.Session.getApplicableRefactors (/usr/share/code/resources/app/extensions/node_modules/typescript/lib/tsserver.js:119320:53)
    at Session.handlers.ts.createMapFromTemplate._a.(anonymous function) (/usr/share/code/resources/app/extensions/node_modules/typescript/lib/tsserver.js:118266:61)
    at /usr/share/code/resources/app/extensions/node_modules/typescript/lib/tsserver.js:119531:88
    at IOSession.Session.executeWithRequestId (/usr/share/code/resources/app/extensions/node_modules/typescript/lib/tsserver.js:119522:28)
    at IOSession.Session.executeCommand (/usr/share/code/resources/app/extensions/node_modules/typescript/lib/tsserver.js:119531:33)
    at IOSession.Session.onMessage (/usr/share/code/resources/app/extensions/node_modules/typescript/lib/tsserver.js:119551:35)
    at Interface.<anonymous> (/usr/share/code/resources/app/extensions/node_modules/typescript/lib/tsserver.js:120805:27)
    at emitOne (events.js:116:13)
    at Interface.emit (events.js:211:7)
    at Interface._onLine (readline.js:282:10)
    at Interface._normalWrite (readline.js:424:12)
    at Socket.ondata (readline.js:141:10)
    at emitOne (events.js:116:13)
    at Socket.emit (events.js:211:7)
    at addChunk (_stream_readable.js:263:12)
    at readableAddChunk (_stream_readable.js:250:11)
    at Socket.Readable.push (_stream_readable.js:208:10)
    at Pipe.onread (net.js:594:20)
